<?xml version="1.0" encoding="UTF-8"?>
<testsuites>
  <testsuite name="hello" timestamp="2024-07-08T09:18:38Z" hostname="399b8bf47c23" tests="3" skipped="0" failures="1" errors="0" time="0.349">
    <testcase time="0.011" classname="hello" name="hello_works"/>
    <testcase time="0.188" classname="hello" name="hello_cli_works"/>
    <testcase time="0.15" classname="hello" name="fix_me_">
      <failure type="failure" message="1 (`actual`) not equal to 2 (`expected`). ('test-hello.R:10:3')">1 (`actual`) not equal to 2 (`expected`).

  `actual`: 1
`expected`: 2</failure>
    </testcase>
  </testsuite>
</testsuites>
